<?xml version="1.0" encoding="UTF-8"?>
<testng-results skipped="0" failed="0" total="2" passed="2">
  <reporter-output>
  </reporter-output>
  <suite name="Default suite" duration-ms="111790" started-at="2020-04-16T22:32:18Z" finished-at="2020-04-16T22:34:10Z">
    <groups>
    </groups>
    <test name="Default test" duration-ms="111790" started-at="2020-04-16T22:32:18Z" finished-at="2020-04-16T22:34:10Z">
      <class name="com.training.sanity.tests.TC74UserOrderAdminComplete">
        <test-method status="PASS" signature="setUpBeforeClass()[pri:0, instance:com.training.sanity.tests.TC74UserOrderAdminComplete@47f37ef1]" name="setUpBeforeClass" is-config="true" duration-ms="15" started-at="2020-04-17T04:02:18Z" finished-at="2020-04-17T04:02:18Z">
          <reporter-output>
          </reporter-output>
        </test-method> <!-- setUpBeforeClass -->
        <test-method status="PASS" signature="setUp()[pri:0, instance:com.training.sanity.tests.TC74UserOrderAdminComplete@47f37ef1]" name="setUp" is-config="true" duration-ms="31911" started-at="2020-04-17T04:02:18Z" finished-at="2020-04-17T04:02:50Z">
          <reporter-output>
          </reporter-output>
        </test-method> <!-- setUp -->
        <test-method status="PASS" signature="toPlaceOrder(java.lang.String, java.lang.String, java.lang.String, java.lang.String, java.lang.String, java.lang.String, java.lang.String, java.lang.String, java.lang.String, java.lang.String, java.lang.String)[pri:0, instance:com.training.sanity.tests.TC74UserOrderAdminComplete@47f37ef1]" name="toPlaceOrder" duration-ms="37134" started-at="2020-04-17T04:02:50Z" data-provider="UserData" finished-at="2020-04-17T04:03:27Z">
          <params>
            <param index="0">
              <value>
                <![CDATA[testg]]>
              </value>
            </param>
            <param index="1">
              <value>
                <![CDATA[testguest]]>
              </value>
            </param>
            <param index="2">
              <value>
                <![CDATA[vidya@gmail.com]]>
              </value>
            </param>
            <param index="3">
              <value>
                <![CDATA[9876543210]]>
              </value>
            </param>
            <param index="4">
              <value>
                <![CDATA[yeshwanthapur]]>
              </value>
            </param>
            <param index="5">
              <value>
                <![CDATA[bangalore]]>
              </value>
            </param>
            <param index="6">
              <value>
                <![CDATA[bangalore]]>
              </value>
            </param>
            <param index="7">
              <value>
                <![CDATA[560022]]>
              </value>
            </param>
            <param index="8">
              <value>
                <![CDATA[India]]>
              </value>
            </param>
            <param index="9">
              <value>
                <![CDATA[Assam]]>
              </value>
            </param>
            <param index="10">
              <value>
                <![CDATA[guest user order checkout]]>
              </value>
            </param>
          </params>
          <reporter-output>
          </reporter-output>
        </test-method> <!-- toPlaceOrder -->
        <test-method status="PASS" signature="tearDown()[pri:0, instance:com.training.sanity.tests.TC74UserOrderAdminComplete@47f37ef1]" name="tearDown" is-config="true" duration-ms="3001" started-at="2020-04-17T04:03:27Z" finished-at="2020-04-17T04:03:30Z">
          <reporter-output>
          </reporter-output>
        </test-method> <!-- tearDown -->
        <test-method status="PASS" signature="setUp()[pri:0, instance:com.training.sanity.tests.TC74UserOrderAdminComplete@47f37ef1]" name="setUp" is-config="true" duration-ms="31017" started-at="2020-04-17T04:03:30Z" finished-at="2020-04-17T04:04:01Z">
          <reporter-output>
          </reporter-output>
        </test-method> <!-- setUp -->
        <test-method status="PASS" signature="toCompleteOrder()[pri:0, instance:com.training.sanity.tests.TC74UserOrderAdminComplete@47f37ef1]" name="toCompleteOrder" duration-ms="5559" started-at="2020-04-17T04:04:01Z" depends-on-methods="com.training.sanity.tests.TC74UserOrderAdminComplete.toPlaceOrder" finished-at="2020-04-17T04:04:07Z">
          <reporter-output>
          </reporter-output>
        </test-method> <!-- toCompleteOrder -->
        <test-method status="PASS" signature="tearDown()[pri:0, instance:com.training.sanity.tests.TC74UserOrderAdminComplete@47f37ef1]" name="tearDown" is-config="true" duration-ms="3000" started-at="2020-04-17T04:04:07Z" finished-at="2020-04-17T04:04:10Z">
          <reporter-output>
          </reporter-output>
        </test-method> <!-- tearDown -->
      </class> <!-- com.training.sanity.tests.TC74UserOrderAdminComplete -->
    </test> <!-- Default test -->
  </suite> <!-- Default suite -->
</testng-results>
