<?xml version="1.0" encoding="UTF-8"?>
<testng-results skipped="0" failed="0" total="2" passed="2">
  <reporter-output>
  </reporter-output>
  <suite name="Default suite" duration-ms="31825" started-at="2020-04-06T18:17:48Z" finished-at="2020-04-06T18:18:20Z">
    <groups>
    </groups>
    <test name="Default test" duration-ms="31825" started-at="2020-04-06T18:17:48Z" finished-at="2020-04-06T18:18:20Z">
      <class name="com.training.sanity.tests.ProductFilterDelete">
        <test-method status="PASS" signature="setUpBeforeClass()[pri:0, instance:com.training.sanity.tests.ProductFilterDelete@ea4a92b]" name="setUpBeforeClass" is-config="true" duration-ms="12" started-at="2020-04-06T23:47:48Z" finished-at="2020-04-06T23:47:48Z">
          <reporter-output>
          </reporter-output>
        </test-method> <!-- setUpBeforeClass -->
        <test-method status="PASS" signature="setUp()[pri:0, instance:com.training.sanity.tests.ProductFilterDelete@ea4a92b]" name="setUp" is-config="true" duration-ms="7663" started-at="2020-04-06T23:47:48Z" finished-at="2020-04-06T23:47:56Z">
          <reporter-output>
          </reporter-output>
        </test-method> <!-- setUp -->
        <test-method status="PASS" signature="chkProdDelete()[pri:0, instance:com.training.sanity.tests.ProductFilterDelete@ea4a92b]" name="chkProdDelete" duration-ms="5456" started-at="2020-04-06T23:47:56Z" finished-at="2020-04-06T23:48:01Z">
          <reporter-output>
          </reporter-output>
        </test-method> <!-- chkProdDelete -->
        <test-method status="PASS" signature="tearDown()[pri:0, instance:com.training.sanity.tests.ProductFilterDelete@ea4a92b]" name="tearDown" is-config="true" duration-ms="3736" started-at="2020-04-06T23:48:01Z" finished-at="2020-04-06T23:48:05Z">
          <reporter-output>
          </reporter-output>
        </test-method> <!-- tearDown -->
        <test-method status="PASS" signature="setUp()[pri:0, instance:com.training.sanity.tests.ProductFilterDelete@ea4a92b]" name="setUp" is-config="true" duration-ms="6304" started-at="2020-04-06T23:48:05Z" finished-at="2020-04-06T23:48:11Z">
          <reporter-output>
          </reporter-output>
        </test-method> <!-- setUp -->
        <test-method status="PASS" signature="chkProdFilter()[pri:1, instance:com.training.sanity.tests.ProductFilterDelete@ea4a92b]" name="chkProdFilter" duration-ms="4806" started-at="2020-04-06T23:48:11Z" finished-at="2020-04-06T23:48:16Z">
          <reporter-output>
          </reporter-output>
        </test-method> <!-- chkProdFilter -->
        <test-method status="PASS" signature="tearDown()[pri:0, instance:com.training.sanity.tests.ProductFilterDelete@ea4a92b]" name="tearDown" is-config="true" duration-ms="3835" started-at="2020-04-06T23:48:16Z" finished-at="2020-04-06T23:48:20Z">
          <reporter-output>
          </reporter-output>
        </test-method> <!-- tearDown -->
      </class> <!-- com.training.sanity.tests.ProductFilterDelete -->
    </test> <!-- Default test -->
  </suite> <!-- Default suite -->
</testng-results>
