<?xml version="1.0" encoding="UTF-8"?>
<!-- Generated by org.testng.reporters.JUnitXMLReporter -->
<testsuite hostname="DESKTOP-JHCOUSN" name="Default test" tests="2" failures="0" timestamp="16 Apr 2020 22:34:10 GMT" time="111.79" errors="0">
  <testcase name="toPlaceOrder" time="37.134" classname="com.training.sanity.tests.TC74UserOrderAdminComplete"/>
  <testcase name="toCompleteOrder" time="5.559" classname="com.training.sanity.tests.TC74UserOrderAdminComplete"/>
</testsuite> <!-- Default test -->
